c:\users\kleme\onedrive\dokumenti\github\diploma\diploma\diploma\debug\diploma.pch
c:\users\kleme\onedrive\dokumenti\github\diploma\diploma\diploma\debug\vc141.pdb
c:\users\kleme\onedrive\dokumenti\github\diploma\diploma\diploma\debug\vc141.idb
c:\users\kleme\onedrive\dokumenti\github\diploma\diploma\diploma\debug\stdafx.obj
c:\users\kleme\onedrive\dokumenti\github\diploma\diploma\diploma\debug\wilcoxon_test.obj
c:\users\kleme\onedrive\dokumenti\github\diploma\diploma\diploma\debug\wilcoxon_element.obj
c:\users\kleme\onedrive\dokumenti\github\diploma\diploma\diploma\debug\threads.obj
c:\users\kleme\onedrive\dokumenti\github\diploma\diploma\diploma\debug\stochasticalgorithm.obj
c:\users\kleme\onedrive\dokumenti\github\diploma\diploma\diploma\debug\particleswarmoptimization.obj
c:\users\kleme\onedrive\dokumenti\github\diploma\diploma\diploma\debug\geneticalgorithm.obj
c:\users\kleme\onedrive\dokumenti\github\diploma\diploma\diploma\debug\differentialevolution.obj
c:\users\kleme\onedrive\dokumenti\github\diploma\diploma\diploma\debug\problemi.obj
c:\users\kleme\onedrive\dokumenti\github\diploma\diploma\diploma\debug\diploma.obj
c:\users\kleme\onedrive\dokumenti\github\diploma\diploma\debug\diploma.exe
c:\users\kleme\onedrive\dokumenti\github\diploma\diploma\debug\diploma.ilk
c:\users\kleme\onedrive\dokumenti\github\diploma\diploma\debug\diploma.pdb
c:\users\kleme\onedrive\dokumenti\github\diploma\diploma\diploma\debug\diploma.tlog\cl.command.1.tlog
c:\users\kleme\onedrive\dokumenti\github\diploma\diploma\diploma\debug\diploma.tlog\cl.read.1.tlog
c:\users\kleme\onedrive\dokumenti\github\diploma\diploma\diploma\debug\diploma.tlog\cl.write.1.tlog
c:\users\kleme\onedrive\dokumenti\github\diploma\diploma\diploma\debug\diploma.tlog\link.command.1.tlog
c:\users\kleme\onedrive\dokumenti\github\diploma\diploma\diploma\debug\diploma.tlog\link.read.1.tlog
c:\users\kleme\onedrive\dokumenti\github\diploma\diploma\diploma\debug\diploma.tlog\link.write.1.tlog
